<?xml version="1.0" encoding="UTF-8"?>
<!-- Generated by org.testng.reporters.JUnitReportReporter -->
<testsuite skipped="0" hostname="Rtys-MacBook-Pro.local" name="net.darksky.test.DarkskyTest2Test" tests="1" failures="0" timestamp="09 Dec 2019 06:00:58 GMT" time="16.018" errors="0">
  <testcase name="Assingment2" time="16.018" classname="net.darksky.test.DarkskyTest2Test"/>
</testsuite> <!-- net.darksky.test.DarkskyTest2Test -->
