<?xml version="1.0" encoding="UTF-8"?>
<!-- Generated by org.testng.reporters.JUnitReportReporter -->
<testsuite skipped="0" hostname="Rtys-MacBook-Pro.local" name="net.darksky.test.MainPageTest" tests="1" failures="0" timestamp="09 Dec 2019 06:00:58 GMT" time="21.063" errors="0">
  <testcase name="getTitle" time="21.063" classname="net.darksky.test.MainPageTest"/>
</testsuite> <!-- net.darksky.test.MainPageTest -->
