<?xml version="1.0" encoding="UTF-8"?>
<!-- Generated by org.testng.reporters.JUnitReportReporter -->
<testsuite skipped="0" hostname="Rtys-MacBook-Pro.local" name="net.darksky.test.DarkSkyAssingmentTreeTest" tests="1" failures="0" timestamp="09 Dec 2019 06:00:58 GMT" time="24.653" errors="0">
  <testcase name="verifyTimeZone" time="24.653" classname="net.darksky.test.DarkSkyAssingmentTreeTest"/>
</testsuite> <!-- net.darksky.test.DarkSkyAssingmentTreeTest -->
